<?xml version="1.0" encoding="UTF-8"?>
<!-- Generated by org.testng.reporters.JUnitReportReporter -->
<testsuite hostname="DESKTOP-NAVEEN" name="LoginTestCase.bothIncorrect" tests="1" failures="0" timestamp="21 Aug 2022 08:39:40 GMT" time="0.000" errors="1">
  <testcase name="loginWithBothIncorrect" time="0.000" classname="LoginTestCase.bothIncorrect">
    <error type="org.testng.TestNGException" message="
Parameter &#039;userName&#039; is required by @Test on method loginWithBothIncorrect but has not been marked @Optional or defined
in C:\Users\navee\AppData\Local\Temp\testng-eclipse-717496820\testng-customsuite.xml">
      <![CDATA[org.testng.TestNGException: 
Parameter 'userName' is required by @Test on method loginWithBothIncorrect but has not been marked @Optional or defined
in C:\Users\navee\AppData\Local\Temp\testng-eclipse-717496820\testng-customsuite.xml
	at org.testng.internal.Parameters.createParameters(Parameters.java:165)
	at org.testng.internal.Parameters.createParameters(Parameters.java:372)
	at org.testng.internal.Parameters.handleParameters(Parameters.java:462)
	at org.testng.internal.Invoker.handleParameters(Invoker.java:1300)
	at org.testng.internal.Invoker.createParameters(Invoker.java:1015)
	at org.testng.internal.Invoker.invokeTestMethods(Invoker.java:1104)
	at org.testng.internal.TestMethodWorker.invokeTestMethods(TestMethodWorker.java:125)
	at org.testng.internal.TestMethodWorker.run(TestMethodWorker.java:108)
	at org.testng.TestRunner.privateRun(TestRunner.java:771)
	at org.testng.TestRunner.run(TestRunner.java:621)
	at org.testng.SuiteRunner.runTest(SuiteRunner.java:357)
	at org.testng.SuiteRunner.runSequentially(SuiteRunner.java:352)
	at org.testng.SuiteRunner.privateRun(SuiteRunner.java:310)
	at org.testng.SuiteRunner.run(SuiteRunner.java:259)
	at org.testng.SuiteRunnerWorker.runSuite(SuiteRunnerWorker.java:52)
	at org.testng.SuiteRunnerWorker.run(SuiteRunnerWorker.java:86)
	at org.testng.TestNG.runSuitesSequentially(TestNG.java:1199)
	at org.testng.TestNG.runSuitesLocally(TestNG.java:1124)
	at org.testng.TestNG.run(TestNG.java:1032)
	at org.testng.remote.AbstractRemoteTestNG.run(AbstractRemoteTestNG.java:132)
	at org.testng.remote.RemoteTestNG.initAndRun(RemoteTestNG.java:230)
	at org.testng.remote.RemoteTestNG.main(RemoteTestNG.java:76)
]]>
    </error>
  </testcase> <!-- loginWithBothIncorrect -->
</testsuite> <!-- LoginTestCase.bothIncorrect -->
